<?xml version="1.0" encoding="UTF-8"?>
<!-- Generated by org.testng.reporters.JUnitReportReporter -->
<testsuite hostname="fernandos-mbp" name="org.jdiameter.client.impl.router.TestRouter" tests="2" failures="0" timestamp="4 Jan 2019 18:32:08 GMT" time="0.221" errors="0">
  <testcase name="testWeightedLeastConnections" time="0.199" classname="org.jdiameter.client.impl.router.TestRouter"/>
  <testcase name="testWeightedRoundRobin" time="0.022" classname="org.jdiameter.client.impl.router.TestRouter"/>
</testsuite>
